Arguments: 
  C:\Program Files\nodejs\node.exe C:\Program Files (x86)\Yarn\bin\yarn.js add @tensorflow/tfjs-core -D

PATH: 
  D:\soft\mongodb\bin;D:\soft\redis;C:\Program Files (x86)\Common Files\Oracle\Java\javapath;C:\ProgramData\Miniconda2;C:\ProgramData\Miniconda2\Library\bin;C:\ProgramData\Miniconda2\Scripts;c:\Program Files (x86)\MSBuild\14.0\Bin;D:\sdk\apache-ant-1.9.7\bin;C:\Program Files\Java\jdk1.8.0_51\bin;D:\sdk\gradle-2.14.1\bin;C:\ProgramData\Oracle\Java\javapath;C:\Program Files (x86)\AMD APP\bin\x86_64;C:\Windows\system32;C:\Windows;C:\Windows\System32\Wbem;C:\Windows\System32\WindowsPowerShell\v1.0\;C:\Program Files (x86)\ATI Technologies\ATI.ACE\Core-Static;C:\ProgramData\chocolatey\bin;C:\Program Files (x86)\MacType;C:\Program Files (x86)\Windows Kits\8.1\Windows Performance Toolkit\;C:\Program Files\Microsoft SQL Server\120\Tools\Binn\;C:\ProgramData\chocolatey\lib\Elixir/bin;C:\Program Files (x86)\Git\cmd;C:\Program Files (x86)\Git\mingw32\bin;C:\Program Files (x86)\Git\usr\bin;C:\Program Files (x86)\GitExtensions\;C:\Windows\System32\WindowsPowerShell\v1.0\;C:\ProgramData\chocolatey\lib\Elixir/bin;C:\ProgramData\chocolatey\lib\Elixir/bin;C:\ProgramData\chocolatey\lib\Elixir/bin;C:\Program Files\Microsoft SQL Server\110\Tools\Binn\;d:\Program Files\Microsoft VS Code\bin;C:\ProgramData\chocolatey\lib\Elixir/bin;C:\ProgramData\chocolatey\lib\Elixir/bin;C:\Go\bin;C:\Android;C:\ProgramData\chocolatey\lib\Elixir/bin;C:\ProgramData\chocolatey\lib\Elixir/bin;C:\ProgramData\chocolatey\lib\Elixir/bin;C:\Program Files\nodejs\;C:\Program Files (x86)\Yarn\bin\;C:\Users\TaoHuang\scoop\shims;D:\path;C:\Users\TaoHuang\AppData\Local\GitHubDesktop\bin;d:\Program Files\Microsoft VS Code\bin;D:\Program Files\Microsoft VS Code\bin;C:\Users\TaoHuang\AppData\Roaming\npm;C:\Users\TaoHuang\AppData\Local\Yarn\bin

Yarn version: 
  1.17.3

Node version: 
  10.16.0

Platform: 
  win32 x64

Trace: 
  Error: connect ETIMEDOUT 104.16.20.35:443
      at TCPConnectWrap.afterConnect [as oncomplete] (net.js:1106:14)

npm manifest: 
  {
    "name": "tfjs-wechat-lugin-example",
    "version": "0.0.1",
    "scripts": {
      "build": "tsc"
    },
    "main": "dist/index.js",
    "license": "Apache-2.0",
    "devDependencies": {
      "@types/jasmine": "^3.3.15",
      "miniprogram-api-typings": "^2.6.5-2",
      "typescript": "^3.3.3333"
    },
    "dependencies": {
      "@tensorflow-models/posenet": "2.1.3",
      "@tensorflow/tfjs-converter": "1.2.5",
      "@tensorflow/tfjs-core": "1.2.5",
      "babylonjs": "^4.0.3",
      "fetch-wechat": "0.0.3"
    }
  }

yarn manifest: 
  No manifest

Lockfile: 
  # THIS IS AN AUTOGENERATED FILE. DO NOT EDIT THIS FILE DIRECTLY.
  # yarn lockfile v1
  
  
  "@tensorflow-models/posenet@2.1.3":
    version "2.1.3"
    resolved "https://registry.yarnpkg.com/@tensorflow-models/posenet/-/posenet-2.1.3.tgz#09633e6e6e41d6c00d2ee7633632fb9322651463"
    integrity sha512-Z6HvkJhLWtXt5BD+1c9iaUGlHjohiPkeRJQpr1hu57opvTmwswwmwwRAKsmM07AVjuUT0D49QordE6zkjIJ3mg==
  
  "@tensorflow/tfjs-converter@1.2.5":
    version "1.2.5"
    resolved "https://registry.yarnpkg.com/@tensorflow/tfjs-converter/-/tfjs-converter-1.2.5.tgz#11b10a421605f82eb7c8da2bfb42bd8ccfc35303"
    integrity sha512-KQoNDl1UDmBBqknaxiFg2tyYoVFyxJ0q5mY/e6mqavokf4vVXn4TsurzxDx++uV6gKEL1fPk9TuSIaq8xHuCRQ==
  
  "@tensorflow/tfjs-core@1.2.5":
    version "1.2.5"
    resolved "https://registry.yarnpkg.com/@tensorflow/tfjs-core/-/tfjs-core-1.2.5.tgz#865f0b3d7a79614650698c907185dd0adfb6470e"
    integrity sha512-2M88UcKVfcMwtIaDEOJKWAxgX9rO+UdPnRZGSyWW/vH2PiB+jKtB6//7O5V4JpbRjA2ZJFjhfQ5ybfQf8wawRg==
    dependencies:
      "@types/offscreencanvas" "~2019.3.0"
      "@types/seedrandom" "2.4.27"
      "@types/webgl-ext" "0.0.30"
      "@types/webgl2" "0.0.4"
      node-fetch "~2.1.2"
      seedrandom "2.4.3"
  
  "@types/jasmine@^3.3.15":
    version "3.3.15"
    resolved "https://registry.yarnpkg.com/@types/jasmine/-/jasmine-3.3.15.tgz#545be0670e828ac570566c45be570bbffcbc66d8"
    integrity sha512-MljubxUVLT9wh/0NiyRWlcxSu/0axK+UYheZ04N5yaQclQkE8JuFYMsmwltPap2LEsJrvSf5p49/1514IY+d1Q==
  
  "@types/offscreencanvas@~2019.3.0":
    version "2019.3.0"
    resolved "https://registry.yarnpkg.com/@types/offscreencanvas/-/offscreencanvas-2019.3.0.tgz#3336428ec7e9180cf4566dfea5da04eb586a6553"
    integrity sha512-esIJx9bQg+QYF0ra8GnvfianIY8qWB0GBx54PK5Eps6m+xTj86KLavHv6qDhzKcu5UUOgNfJ2pWaIIV7TRUd9Q==
  
  "@types/seedrandom@2.4.27":
    version "2.4.27"
    resolved "https://registry.yarnpkg.com/@types/seedrandom/-/seedrandom-2.4.27.tgz#9db563937dd86915f69092bc43259d2f48578e41"
    integrity sha1-nbVjk33YaRX2kJK8QyWdL0hXjkE=
  
  "@types/webgl-ext@0.0.30":
    version "0.0.30"
    resolved "https://registry.yarnpkg.com/@types/webgl-ext/-/webgl-ext-0.0.30.tgz#0ce498c16a41a23d15289e0b844d945b25f0fb9d"
    integrity sha512-LKVgNmBxN0BbljJrVUwkxwRYqzsAEPcZOe6S2T6ZaBDIrFp0qu4FNlpc5sM1tGbXUYFgdVQIoeLk1Y1UoblyEg==
  
  "@types/webgl2@0.0.4":
    version "0.0.4"
    resolved "https://registry.yarnpkg.com/@types/webgl2/-/webgl2-0.0.4.tgz#c3b0f9d6b465c66138e84e64cb3bdf8373c2c279"
    integrity sha512-PACt1xdErJbMUOUweSrbVM7gSIYm1vTncW2hF6Os/EeWi6TXYAYMPp+8v6rzHmypE5gHrxaxZNXgMkJVIdZpHw==
  
  babylonjs@^4.0.3:
    version "4.0.3"
    resolved "https://registry.yarnpkg.com/babylonjs/-/babylonjs-4.0.3.tgz#5dba9a96a7cb70634338e8dd7a17081e9f902cf6"
    integrity sha512-S5PoPmf0Vo03FDmF9z8djBiIm8GSLvCesln/9aKV9RbD4W+NTqVmMKhR8CQoMRCQNb2JSKKUuyUygXxCRVG37Q==
  
  fetch-wechat@0.0.3:
    version "0.0.3"
    resolved "https://registry.yarnpkg.com/fetch-wechat/-/fetch-wechat-0.0.3.tgz#2789c332a24bf9f4114b580c02d2934646e74f12"
    integrity sha512-uEvCnHSaM53AjYmtiU8n7dB3RO4JX4RBxF3lXNf+cBHr5NRclmTAr5XiRtLL2lSdBcRwvLixhnjwCRJhyEKZgQ==
  
  miniprogram-api-typings@^2.6.5-2:
    version "2.6.5-2"
    resolved "https://registry.yarnpkg.com/miniprogram-api-typings/-/miniprogram-api-typings-2.6.5-2.tgz#990e3e5b91074ba4306bf6b8173cf38b632b4d3f"
    integrity sha512-P0NdPNfaCYL7E7w1VHhpYCeu6WcN7h3xejqwWv5jmqdTTdHda+EJKby1VNc49rPn/w45NiNJD5gHgeMHGlb9xA==
  
  node-fetch@~2.1.2:
    version "2.1.2"
    resolved "https://registry.yarnpkg.com/node-fetch/-/node-fetch-2.1.2.tgz#ab884e8e7e57e38a944753cec706f788d1768bb5"
    integrity sha1-q4hOjn5X44qUR1POxwb3iNF2i7U=
  
  seedrandom@2.4.3:
    version "2.4.3"
    resolved "https://registry.yarnpkg.com/seedrandom/-/seedrandom-2.4.3.tgz#2438504dad33917314bff18ac4d794f16d6aaecc"
    integrity sha1-JDhQTa0zkXMUv/GKxNeU8W1qrsw=
  
  typescript@^3.3.3333:
    version "3.5.3"
    resolved "https://registry.yarnpkg.com/typescript/-/typescript-3.5.3.tgz#c830f657f93f1ea846819e929092f5fe5983e977"
    integrity sha512-ACzBtm/PhXBDId6a6sDJfroT2pOWt/oOnk4/dElG5G33ZL776N3Y6/6bKZJBFpd+b05F3Ct9qDjMeJmRWtE2/g==
